<?xml version="1.0" encoding="UTF-8"?>
<!-- Generated by org.testng.reporters.JUnitReportReporter -->
<testsuite skipped="0" hostname="DESKTOP-36E435A" name="testNg.AsianPaintsTestNg" tests="2" failures="0" timestamp="14 Jul 2021 04:17:22 GMT" time="419.221" errors="0">
  <testcase name="validPincode" time="275.064" classname="testNg.AsianPaintsTestNg"/>
  <testcase name="invalidPincode" time="144.157" classname="testNg.AsianPaintsTestNg"/>
</testsuite> <!-- testNg.AsianPaintsTestNg -->
