<?xml version="1.0" encoding="UTF-8"?>
<!-- Generated by org.testng.reporters.JUnitReportReporter -->
<testsuite skipped="0" hostname="DESKTOP-36E435A" name="testNg.AddRoomTestNg" tests="1" failures="0" timestamp="14 Jul 2021 04:28:15 GMT" time="52.677" errors="0">
  <testcase name="AddRoomFunctionality" time="52.677" classname="testNg.AddRoomTestNg"/>
</testsuite> <!-- testNg.AddRoomTestNg -->
