<?xml version="1.0" encoding="UTF-8"?>
<!-- Generated by org.testng.reporters.JUnitReportReporter -->
<testsuite skipped="0" hostname="DESKTOP-36E435A" name="testNg.RenameRoomTestNg" tests="1" failures="0" timestamp="13 Jul 2021 09:47:31 GMT" time="59.189" errors="0">
  <testcase name="RenamingRoomFunctionality" time="59.189" classname="testNg.RenameRoomTestNg"/>
</testsuite> <!-- testNg.RenameRoomTestNg -->
